<?xml version="1.0" encoding="UTF-8"?>
<!-- Generated by org.testng.reporters.JUnitReportReporter -->
<testsuite hostname="DESKTOP-HOF3APB" failures="0" tests="3" name="LoginPageTest" time="33.794" errors="0" timestamp="2024-08-03T10:39:15 CDT" skipped="0">
  <testcase classname="LoginPageTest" name="loginTest" time="10.718"/>
  <system-out/>
  <testcase classname="LoginPageTest" name="validateAlertMessages" time="6.592"/>
  <system-out/>
  <testcase classname="LoginPageTest" name="addCustomer" time="16.484"/>
  <system-out/>
</testsuite> <!-- LoginPageTest -->
